<?xml version="1.0" encoding="utf-8"?><testsuites name="pytest tests"><testsuite name="pytest" errors="0" failures="2" skipped="0" tests="30" time="4.651" timestamp="2026-03-22T04:54:55.521830+00:00" hostname="agent-env-86cd7753-0678-49b1-ada6-7c65eb3227a5"><testcase classname="backend.tests.test_numdocman.TestAuth" name="test_health" time="0.256" /><testcase classname="backend.tests.test_numdocman.TestAuth" name="test_login_success" time="0.398" /><testcase classname="backend.tests.test_numdocman.TestAuth" name="test_login_invalid" time="0.372" /><testcase classname="backend.tests.test_numdocman.TestAuth" name="test_get_me" time="0.466" /><testcase classname="backend.tests.test_numdocman.TestOrganizations" name="test_list_orgs" time="0.108" /><testcase classname="backend.tests.test_numdocman.TestOrganizations" name="test_create_org" time="0.122" /><testcase classname="backend.tests.test_numdocman.TestOrganizations" name="test_get_org" time="0.106" /><testcase classname="backend.tests.test_numdocman.TestOrganizations" name="test_duplicate_org_code" time="0.095" /><testcase classname="backend.tests.test_numdocman.TestProjects" name="test_list_projects" time="0.142" /><testcase classname="backend.tests.test_numdocman.TestProjects" name="test_create_project" time="0.120" /><testcase classname="backend.tests.test_numdocman.TestProjects" name="test_get_project" time="0.146" /><testcase classname="backend.tests.test_numdocman.TestProjects" name="test_workflow_states_created" time="0.116" /><testcase classname="backend.tests.test_numdocman.TestProjects" name="test_workflow_transitions_created" time="0.103" /><testcase classname="backend.tests.test_numdocman.TestProjects" name="test_id_rule_created" time="0.098" /><testcase classname="backend.tests.test_numdocman.TestDocumentTypes" name="test_create_doc_type" time="0.105" /><testcase classname="backend.tests.test_numdocman.TestDocumentTypes" name="test_list_doc_types" time="0.102" /><testcase classname="backend.tests.test_numdocman.TestDocuments" name="test_create_document" time="0.115" /><testcase classname="backend.tests.test_numdocman.TestDocuments" name="test_list_documents" time="0.103" /><testcase classname="backend.tests.test_numdocman.TestDocuments" name="test_get_document" time="0.099" /><testcase classname="backend.tests.test_numdocman.TestDocuments" name="test_document_history" time="0.125" /><testcase classname="backend.tests.test_numdocman.TestDocuments" name="test_workflow_transition" time="0.224" /><testcase classname="backend.tests.test_numdocman.TestDocuments" name="test_add_signature" time="0.104" /><testcase classname="backend.tests.test_numdocman.TestKPI" name="test_kpi_overview" time="0.137" /><testcase classname="backend.tests.test_numdocman.TestKPI" name="test_kpi_overview_with_org" time="0.103" /><testcase classname="backend.tests.test_numdocman.TestKPI" name="test_kpi_by_project" time="0.116" /><testcase classname="backend.tests.test_numdocman.TestAdmin" name="test_list_users" time="0.114" /><testcase classname="backend.tests.test_numdocman.TestAdmin" name="test_admin_stats" time="0.153"><failure message="assert 404 == 200&#10; +  where 404 = &lt;Response [404]&gt;.status_code">backend/tests/test_numdocman.py:293: in test_admin_stats
    assert r.status_code == 200
E   assert 404 == 200
E    +  where 404 = &lt;Response [404]&gt;.status_code</failure></testcase><testcase classname="backend.tests.test_numdocman.TestStorage" name="test_list_storage_configs" time="0.095"><failure message="assert 404 == 200&#10; +  where 404 = &lt;Response [404]&gt;.status_code">backend/tests/test_numdocman.py:301: in test_list_storage_configs
    assert r.status_code == 200
E   assert 404 == 200
E    +  where 404 = &lt;Response [404]&gt;.status_code</failure></testcase><testcase classname="backend.tests.test_numdocman.TestCleanup" name="test_cleanup_document" time="0.097" /><testcase classname="backend.tests.test_numdocman.TestCleanup" name="test_cleanup_project" time="0.099" /></testsuite></testsuites>